<?xml version="1.0" encoding="UTF-8"?>
<testng-results skipped="0" failed="0" total="1" passed="1">
  <reporter-output>
  </reporter-output>
  <suite name="Default suite" duration-ms="26522" started-at="2019-10-01T03:32:47Z" finished-at="2019-10-01T03:33:13Z">
    <groups>
    </groups>
    <test name="Default test" duration-ms="26522" started-at="2019-10-01T03:32:47Z" finished-at="2019-10-01T03:33:13Z">
      <class name="driverFactory.AppTest">
        <test-method status="PASS" signature="kickStart()[pri:0, instance:driverFactory.AppTest@61832929]" name="kickStart" duration-ms="26485" started-at="2019-10-01T09:02:47Z" finished-at="2019-10-01T09:03:13Z">
          <reporter-output>
          </reporter-output>
        </test-method> <!-- kickStart -->
      </class> <!-- driverFactory.AppTest -->
    </test> <!-- Default test -->
  </suite> <!-- Default suite -->
</testng-results>
